<?xml version="1.0" encoding="UTF-8"?>
<testng-results skipped="0" failed="0" total="0" passed="0">
  <reporter-output>
  </reporter-output>
  <suite name="MyRunner.TestRunner" duration-ms="5" started-at="2020-06-22T05:13:23Z" finished-at="2020-06-22T05:13:23Z">
    <groups>
    </groups>
    <test name="Command line test" duration-ms="5" started-at="2020-06-22T05:13:23Z" finished-at="2020-06-22T05:13:23Z">
    </test> <!-- Command line test -->
  </suite> <!-- MyRunner.TestRunner -->
</testng-results>
