<?xml version="1.0" encoding="UTF-8"?>
<testng-results skipped="0" failed="1" ignored="0" total="1" passed="0">
  <reporter-output>
  </reporter-output>
  <suite name="Suite" duration-ms="56330" started-at="2020-06-23T08:03:55Z" finished-at="2020-06-23T08:04:52Z">
    <groups>
    </groups>
    <test name="Test" duration-ms="56330" started-at="2020-06-23T08:03:55Z" finished-at="2020-06-23T08:04:52Z">
      <class name="AppiumPages.TestRunner">
        <test-method status="PASS" signature="SetUp()[pri:0, instance:AppiumPages.TestRunner@1f28c152]" name="SetUp" is-config="true" duration-ms="25460" started-at="2020-06-23T08:03:55Z" finished-at="2020-06-23T08:04:21Z">
          <reporter-output>
          </reporter-output>
        </test-method> <!-- SetUp -->
        <test-method status="FAIL" signature="SampleTest()[pri:0, instance:AppiumPages.TestRunner@1f28c152]" name="SampleTest" duration-ms="30745" started-at="2020-06-23T08:04:21Z" finished-at="2020-06-23T08:04:52Z">
          <exception class="org.openqa.selenium.WebDriverException">
            <message>
              <![CDATA[org.openqa.selenium.WebDriverException: An unknown server-side error occurred while processing the command. Original error: java.lang.IllegalArgumentException: Namespace with prefix 'com.trello' has not been declared.
Build info: version: '3.141.59', revision: 'e82be7d358', time: '2018-11-14T08:17:03'
System info: host: 'qapitol-ThinkPad-L470', ip: '127.0.1.1', os.name: 'Linux', os.arch: 'amd64', os.version: '4.15.0-96-generic', java.version: '1.8.0_252'
Driver info: io.appium.java_client.android.AndroidDriver
Capabilities {appActivity: com.trello.home.HomeActivity, appPackage: com.trello, databaseEnabled: false, desired: {appActivity: com.trello.home.HomeActivity, appPackage: com.trello, deviceName: Mi A1, noReset: true, platformName: android, platformVersion: 9, skipUnlock: true, udid: c622c8e00704}, deviceApiLevel: 28, deviceManufacturer: Xiaomi, deviceModel: Mi A1, deviceName: c622c8e00704, deviceScreenDensity: 480, deviceScreenSize: 1080x1920, deviceUDID: c622c8e00704, javascriptEnabled: true, locationContextEnabled: false, networkConnectionEnabled: true, noReset: true, pixelRatio: 3, platform: LINUX, platformName: Android, platformVersion: 9, skipUnlock: true, statBarHeight: 72, takesScreenshot: true, udid: c622c8e00704, viewportRect: {height: 1848, left: 0, top: 72, width: 1080}, warnings: {}, webStorageEnabled: false}
Session ID: 9385e030-6861-431c-a524-0a8125f87746
*** Element info: {Using=xpath, value=com.trello:id/confirm}]]>
            </message>
            <full-stacktrace>
              <![CDATA[org.openqa.selenium.WebDriverException: org.openqa.selenium.WebDriverException: An unknown server-side error occurred while processing the command. Original error: java.lang.IllegalArgumentException: Namespace with prefix 'com.trello' has not been declared.
Build info: version: '3.141.59', revision: 'e82be7d358', time: '2018-11-14T08:17:03'
System info: host: 'qapitol-ThinkPad-L470', ip: '127.0.1.1', os.name: 'Linux', os.arch: 'amd64', os.version: '4.15.0-96-generic', java.version: '1.8.0_252'
Driver info: io.appium.java_client.android.AndroidDriver
Capabilities {appActivity: com.trello.home.HomeActivity, appPackage: com.trello, databaseEnabled: false, desired: {appActivity: com.trello.home.HomeActivity, appPackage: com.trello, deviceName: Mi A1, noReset: true, platformName: android, platformVersion: 9, skipUnlock: true, udid: c622c8e00704}, deviceApiLevel: 28, deviceManufacturer: Xiaomi, deviceModel: Mi A1, deviceName: c622c8e00704, deviceScreenDensity: 480, deviceScreenSize: 1080x1920, deviceUDID: c622c8e00704, javascriptEnabled: true, locationContextEnabled: false, networkConnectionEnabled: true, noReset: true, pixelRatio: 3, platform: LINUX, platformName: Android, platformVersion: 9, skipUnlock: true, statBarHeight: 72, takesScreenshot: true, udid: c622c8e00704, viewportRect: {height: 1848, left: 0, top: 72, width: 1080}, warnings: {}, webStorageEnabled: false}
Session ID: 9385e030-6861-431c-a524-0a8125f87746
*** Element info: {Using=xpath, value=com.trello:id/confirm}
at io.appium.java_client.pagefactory.AppiumElementLocator$WaitingFunction.apply(AppiumElementLocator.java:192)
at io.appium.java_client.pagefactory.AppiumElementLocator$WaitingFunction.apply(AppiumElementLocator.java:1)
at org.openqa.selenium.support.ui.FluentWait.until(FluentWait.java:249)
at io.appium.java_client.pagefactory.AppiumElementLocator.waitFor(AppiumElementLocator.java:99)
at io.appium.java_client.pagefactory.AppiumElementLocator.findElement(AppiumElementLocator.java:119)
at io.appium.java_client.pagefactory.interceptors.InterceptorOfASingleElement.intercept(InterceptorOfASingleElement.java:59)
at io.appium.java_client.android.AndroidElement$$EnhancerByCGLIB$$b598166c.click(<generated>)
at AppiumPages.TestRunner.SampleTest(TestRunner.java:51)
at sun.reflect.NativeMethodAccessorImpl.invoke0(Native Method)
at sun.reflect.NativeMethodAccessorImpl.invoke(NativeMethodAccessorImpl.java:62)
at sun.reflect.DelegatingMethodAccessorImpl.invoke(DelegatingMethodAccessorImpl.java:43)
at java.lang.reflect.Method.invoke(Method.java:498)
at org.testng.internal.MethodInvocationHelper.invokeMethod(MethodInvocationHelper.java:124)
at org.testng.internal.Invoker.invokeMethod(Invoker.java:583)
at org.testng.internal.Invoker.invokeTestMethod(Invoker.java:719)
at org.testng.internal.Invoker.invokeTestMethods(Invoker.java:989)
at org.testng.internal.TestMethodWorker.invokeTestMethods(TestMethodWorker.java:125)
at org.testng.internal.TestMethodWorker.run(TestMethodWorker.java:109)
at org.testng.TestRunner.privateRun(TestRunner.java:648)
at org.testng.TestRunner.run(TestRunner.java:505)
at org.testng.SuiteRunner.runTest(SuiteRunner.java:455)
at org.testng.SuiteRunner.runSequentially(SuiteRunner.java:450)
at org.testng.SuiteRunner.privateRun(SuiteRunner.java:415)
at org.testng.SuiteRunner.run(SuiteRunner.java:364)
at org.testng.SuiteRunnerWorker.runSuite(SuiteRunnerWorker.java:52)
at org.testng.SuiteRunnerWorker.run(SuiteRunnerWorker.java:84)
at org.testng.TestNG.runSuitesSequentially(TestNG.java:1208)
at org.testng.TestNG.runSuitesLocally(TestNG.java:1137)
at org.testng.TestNG.runSuites(TestNG.java:1049)
at org.testng.TestNG.run(TestNG.java:1017)
at org.testng.remote.AbstractRemoteTestNG.run(AbstractRemoteTestNG.java:115)
at org.testng.remote.RemoteTestNG.initAndRun(RemoteTestNG.java:251)
at org.testng.remote.RemoteTestNG.main(RemoteTestNG.java:77)
Caused by: org.openqa.selenium.WebDriverException: An unknown server-side error occurred while processing the command. Original error: java.lang.IllegalArgumentException: Namespace with prefix 'com.trello' has not been declared.
Build info: version: '3.141.59', revision: 'e82be7d358', time: '2018-11-14T08:17:03'
System info: host: 'qapitol-ThinkPad-L470', ip: '127.0.1.1', os.name: 'Linux', os.arch: 'amd64', os.version: '4.15.0-96-generic', java.version: '1.8.0_252'
Driver info: io.appium.java_client.android.AndroidDriver
Capabilities {appActivity: com.trello.home.HomeActivity, appPackage: com.trello, databaseEnabled: false, desired: {appActivity: com.trello.home.HomeActivity, appPackage: com.trello, deviceName: Mi A1, noReset: true, platformName: android, platformVersion: 9, skipUnlock: true, udid: c622c8e00704}, deviceApiLevel: 28, deviceManufacturer: Xiaomi, deviceModel: Mi A1, deviceName: c622c8e00704, deviceScreenDensity: 480, deviceScreenSize: 1080x1920, deviceUDID: c622c8e00704, javascriptEnabled: true, locationContextEnabled: false, networkConnectionEnabled: true, noReset: true, pixelRatio: 3, platform: LINUX, platformName: Android, platformVersion: 9, skipUnlock: true, statBarHeight: 72, takesScreenshot: true, udid: c622c8e00704, viewportRect: {height: 1848, left: 0, top: 72, width: 1080}, warnings: {}, webStorageEnabled: false}
Session ID: 9385e030-6861-431c-a524-0a8125f87746
*** Element info: {Using=xpath, value=com.trello:id/confirm}
at sun.reflect.NativeConstructorAccessorImpl.newInstance0(Native Method)
at sun.reflect.NativeConstructorAccessorImpl.newInstance(NativeConstructorAccessorImpl.java:62)
at sun.reflect.DelegatingConstructorAccessorImpl.newInstance(DelegatingConstructorAccessorImpl.java:45)
at java.lang.reflect.Constructor.newInstance(Constructor.java:423)
at org.openqa.selenium.remote.http.W3CHttpResponseCodec.createException(W3CHttpResponseCodec.java:187)
at org.openqa.selenium.remote.http.W3CHttpResponseCodec.decode(W3CHttpResponseCodec.java:122)
at org.openqa.selenium.remote.http.W3CHttpResponseCodec.decode(W3CHttpResponseCodec.java:49)
at org.openqa.selenium.remote.HttpCommandExecutor.execute(HttpCommandExecutor.java:158)
at io.appium.java_client.remote.AppiumCommandExecutor.execute(AppiumCommandExecutor.java:239)
at org.openqa.selenium.remote.RemoteWebDriver.execute(RemoteWebDriver.java:552)
at io.appium.java_client.DefaultGenericMobileDriver.execute(DefaultGenericMobileDriver.java:42)
at io.appium.java_client.AppiumDriver.execute(AppiumDriver.java:1)
at io.appium.java_client.android.AndroidDriver.execute(AndroidDriver.java:1)
at org.openqa.selenium.remote.RemoteWebDriver.findElement(RemoteWebDriver.java:323)
at io.appium.java_client.DefaultGenericMobileDriver.findElement(DefaultGenericMobileDriver.java:62)
at io.appium.java_client.AppiumDriver.findElement(AppiumDriver.java:1)
at io.appium.java_client.android.AndroidDriver.findElement(AndroidDriver.java:1)
at org.openqa.selenium.remote.RemoteWebDriver.findElementByXPath(RemoteWebDriver.java:428)
at io.appium.java_client.DefaultGenericMobileDriver.findElementByXPath(DefaultGenericMobileDriver.java:152)
at io.appium.java_client.AppiumDriver.findElementByXPath(AppiumDriver.java:1)
at io.appium.java_client.android.AndroidDriver.findElementByXPath(AndroidDriver.java:1)
at org.openqa.selenium.By$ByXPath.findElement(By.java:353)
at org.openqa.selenium.remote.RemoteWebDriver.findElement(RemoteWebDriver.java:315)
at io.appium.java_client.DefaultGenericMobileDriver.findElement(DefaultGenericMobileDriver.java:58)
at io.appium.java_client.AppiumDriver.findElement(AppiumDriver.java:1)
at io.appium.java_client.android.AndroidDriver.findElement(AndroidDriver.java:1)
at io.appium.java_client.pagefactory.bys.builder.ByChained.lambda$0(ByChained.java:38)
at org.openqa.selenium.support.ui.FluentWait.until(FluentWait.java:249)
at io.appium.java_client.pagefactory.bys.builder.ByChained.findElement(ByChained.java:72)
at org.openqa.selenium.remote.RemoteWebDriver.findElement(RemoteWebDriver.java:315)
at io.appium.java_client.DefaultGenericMobileDriver.findElement(DefaultGenericMobileDriver.java:58)
at io.appium.java_client.AppiumDriver.findElement(AppiumDriver.java:1)
at io.appium.java_client.android.AndroidDriver.findElement(AndroidDriver.java:1)
at io.appium.java_client.pagefactory.bys.ContentMappedBy.findElement(ContentMappedBy.java:50)
at org.openqa.selenium.remote.RemoteWebDriver.findElement(RemoteWebDriver.java:315)
at io.appium.java_client.DefaultGenericMobileDriver.findElement(DefaultGenericMobileDriver.java:58)
at io.appium.java_client.AppiumDriver.findElement(AppiumDriver.java:1)
at io.appium.java_client.android.AndroidDriver.findElement(AndroidDriver.java:1)
at io.appium.java_client.pagefactory.AppiumElementLocator.lambda$0(AppiumElementLocator.java:120)
at io.appium.java_client.pagefactory.AppiumElementLocator$WaitingFunction.apply(AppiumElementLocator.java:172)
... 32 more
]]>
            </full-stacktrace>
          </exception> <!-- org.openqa.selenium.WebDriverException -->
          <reporter-output>
          </reporter-output>
        </test-method> <!-- SampleTest -->
      </class> <!-- AppiumPages.TestRunner -->
    </test> <!-- Test -->
  </suite> <!-- Suite -->
</testng-results>
